TN:
SF:/Users/mac/Desktop/blockchain-projects/bestvictor/wom-nft-marketplace/audited_smart_contracts/yaaas-smartcontract/yaaas-exchange/contracts/Context.sol
FN:16,_msgSender
FN:20,_msgData
FNF:2
FNH:1
FNDA:6,_msgSender
FNDA:0,_msgData
DA:17,6
DA:21,0
DA:22,0
LF:3
LH:1
BRF:0
BRH:0
end_of_record
TN:
SF:/Users/mac/Desktop/blockchain-projects/bestvictor/wom-nft-marketplace/audited_smart_contracts/yaaas-smartcontract/yaaas-exchange/contracts/ERC721Validator.sol
FN:5,_requireERC721
FNF:1
FNH:0
FNDA:0,_requireERC721
DA:12,0
LF:1
LH:0
BRF:0
BRH:0
end_of_record
TN:
SF:/Users/mac/Desktop/blockchain-projects/bestvictor/wom-nft-marketplace/audited_smart_contracts/yaaas-smartcontract/yaaas-exchange/contracts/IERC165.sol
FNF:0
FNH:0
LF:0
LH:0
BRF:0
BRH:0
end_of_record
TN:
SF:/Users/mac/Desktop/blockchain-projects/bestvictor/wom-nft-marketplace/audited_smart_contracts/yaaas-smartcontract/yaaas-exchange/contracts/IERC20.sol
FNF:0
FNH:0
LF:0
LH:0
BRF:0
BRH:0
end_of_record
TN:
SF:/Users/mac/Desktop/blockchain-projects/bestvictor/wom-nft-marketplace/audited_smart_contracts/yaaas-smartcontract/yaaas-exchange/contracts/IERC721.sol
FNF:0
FNH:0
LF:0
LH:0
BRF:0
BRH:0
end_of_record
TN:
SF:/Users/mac/Desktop/blockchain-projects/bestvictor/wom-nft-marketplace/audited_smart_contracts/yaaas-smartcontract/yaaas-exchange/contracts/IERC721Receiver.sol
FNF:0
FNH:0
LF:0
LH:0
BRF:0
BRH:0
end_of_record
TN:
SF:/Users/mac/Desktop/blockchain-projects/bestvictor/wom-nft-marketplace/audited_smart_contracts/yaaas-smartcontract/yaaas-exchange/contracts/IWoomReverseExchange.sol
FNF:0
FNH:0
LF:0
LH:0
BRF:0
BRH:0
end_of_record
TN:
SF:/Users/mac/Desktop/blockchain-projects/bestvictor/wom-nft-marketplace/audited_smart_contracts/yaaas-smartcontract/yaaas-exchange/contracts/IYaaasExchange.sol
FNF:0
FNH:0
LF:0
LH:0
BRF:0
BRH:0
end_of_record
TN:
SF:/Users/mac/Desktop/blockchain-projects/bestvictor/wom-nft-marketplace/audited_smart_contracts/yaaas-smartcontract/yaaas-exchange/contracts/IYaaasExchangeMultiple.sol
FNF:0
FNH:0
LF:0
LH:0
BRF:0
BRH:0
end_of_record
TN:
SF:/Users/mac/Desktop/blockchain-projects/bestvictor/wom-nft-marketplace/audited_smart_contracts/yaaas-smartcontract/yaaas-exchange/contracts/Ownable.sol
FN:26,constructor
FN:35,owner
FN:42,onlyOwner
FN:54,renounceOwnership
FN:63,transferOwnership
FNF:5
FNH:1
FNDA:6,constructor
FNDA:0,owner
FNDA:0,onlyOwner
FNDA:0,renounceOwnership
FNDA:0,transferOwnership
DA:27,6
DA:28,6
DA:29,6
DA:36,0
DA:43,0
DA:44,0
DA:55,0
DA:56,0
DA:64,0
DA:65,0
DA:66,0
LF:11
LH:3
BRDA:43,1,0,0
BRDA:43,1,1,0
BRDA:64,2,0,0
BRDA:64,2,1,0
BRF:4
BRH:0
end_of_record
TN:
SF:/Users/mac/Desktop/blockchain-projects/bestvictor/wom-nft-marketplace/audited_smart_contracts/yaaas-smartcontract/yaaas-exchange/contracts/SafeMath.sol
FN:7,mul
FN:16,div
FN:20,sub
FN:25,add
FNF:4
FNH:0
FNDA:0,mul
FNDA:0,div
FNDA:0,sub
FNDA:0,add
DA:8,0
DA:9,0
DA:11,0
DA:12,0
DA:13,0
DA:17,0
DA:21,0
DA:22,0
DA:26,0
DA:27,0
DA:28,0
LF:11
LH:0
BRDA:8,1,0,0
BRDA:8,1,1,0
BRF:2
BRH:0
end_of_record
TN:
SF:/Users/mac/Desktop/blockchain-projects/bestvictor/wom-nft-marketplace/audited_smart_contracts/yaaas-smartcontract/yaaas-exchange/contracts/WoomExchange.sol
FN:15,constructor
FN:22,addOffer
FN:68,setOfferPrice
FN:73,setForSell
FN:84,setForAuction
FN:89,setExpiresAt
FN:94,_getOwnerOffer
FN:99,buyOffer
FN:107,_buyOffer
FN:121,safePlaceBid
FN:133,setOwnerShare
FN:138,_createBid
FN:186,cancelBid
FN:199,acceptBid
FN:231,onERC721Received
FNF:15
FNH:1
FNDA:3,constructor
FNDA:0,addOffer
FNDA:0,setOfferPrice
FNDA:0,setForSell
FNDA:0,setForAuction
FNDA:0,setExpiresAt
FNDA:0,_getOwnerOffer
FNDA:0,buyOffer
FNDA:0,_buyOffer
FNDA:0,safePlaceBid
FNDA:0,setOwnerShare
FNDA:0,_createBid
FNDA:0,cancelBid
FNDA:0,acceptBid
FNDA:0,onERC721Received
DA:16,3
DA:17,3
DA:18,3
DA:19,3
DA:20,3
DA:36,0
DA:37,0
DA:38,0
DA:39,0
DA:41,0
DA:51,0
DA:64,0
DA:65,0
DA:66,0
DA:69,0
DA:70,0
DA:71,0
DA:74,0
DA:75,0
DA:76,0
DA:77,0
DA:78,0
DA:80,0
DA:82,0
DA:85,0
DA:86,0
DA:87,0
DA:90,0
DA:91,0
DA:92,0
DA:95,0
DA:96,0
DA:97,0
DA:100,0
DA:101,0
DA:102,0
DA:103,0
DA:104,0
DA:105,0
DA:108,0
DA:109,0
DA:110,0
DA:111,0
DA:112,0
DA:113,0
DA:114,0
DA:115,0
DA:116,0
DA:117,0
DA:128,0
DA:134,0
DA:135,0
DA:146,0
DA:148,0
DA:149,0
DA:152,0
DA:153,0
DA:154,0
DA:155,0
DA:157,0
DA:168,0
DA:176,0
DA:191,0
DA:192,0
DA:193,0
DA:194,0
DA:195,0
DA:196,0
DA:205,0
DA:207,0
DA:210,0
DA:211,0
DA:213,0
DA:214,0
DA:217,0
DA:219,0
DA:220,0
DA:222,0
DA:223,0
DA:225,0
DA:227,0
DA:229,0
DA:232,0
LF:83
LH:5
BRDA:37,1,0,0
BRDA:37,1,1,0
BRDA:38,2,0,0
BRDA:38,2,1,0
BRDA:39,3,0,0
BRDA:39,3,1,0
BRDA:77,4,0,0
BRDA:77,4,1,0
BRDA:96,5,0,0
BRDA:96,5,1,0
BRDA:101,6,0,0
BRDA:101,6,1,0
BRDA:102,7,0,0
BRDA:102,7,1,0
BRDA:112,8,0,0
BRDA:112,8,1,0
BRDA:115,9,0,0
BRDA:115,9,1,0
BRDA:116,10,0,0
BRDA:116,10,1,0
BRDA:134,11,0,0
BRDA:134,11,1,0
BRDA:148,12,0,0
BRDA:148,12,1,0
BRDA:153,13,0,0
BRDA:153,13,1,0
BRDA:154,14,0,0
BRDA:154,14,1,0
BRDA:155,15,0,0
BRDA:155,15,1,0
BRDA:192,16,0,0
BRDA:192,16,1,0
BRDA:213,17,0,0
BRDA:213,17,1,0
BRDA:214,18,0,0
BRDA:214,18,1,0
BRDA:217,19,0,0
BRDA:217,19,1,0
BRF:38
BRH:0
end_of_record
TN:
SF:/Users/mac/Desktop/blockchain-projects/bestvictor/wom-nft-marketplace/audited_smart_contracts/yaaas-smartcontract/yaaas-exchange/contracts/WoomReverseExchange.sol
FN:15,rvsAddOffer
FN:60,rvsSetOfferPrice
FN:65,rvsSetForSell
FN:76,rvsSetForAuction
FN:81,rvsSetExpiresAt
FN:86,_rvsGetOwnerOffer
FN:92,rvsSafePlaceBid
FN:101,rvsSetOwnerShare
FN:105,_rvsCreateBid
FN:145,rvsCancelBid
FN:158,rvsAcceptBid
FNF:11
FNH:0
FNDA:0,rvsAddOffer
FNDA:0,rvsSetOfferPrice
FNDA:0,rvsSetForSell
FNDA:0,rvsSetForAuction
FNDA:0,rvsSetExpiresAt
FNDA:0,_rvsGetOwnerOffer
FNDA:0,rvsSafePlaceBid
FNDA:0,rvsSetOwnerShare
FNDA:0,_rvsCreateBid
FNDA:0,rvsCancelBid
FNDA:0,rvsAcceptBid
DA:28,0
DA:29,0
DA:30,0
DA:31,0
DA:33,0
DA:34,0
DA:44,0
DA:56,0
DA:57,0
DA:58,0
DA:61,0
DA:62,0
DA:63,0
DA:66,0
DA:67,0
DA:68,0
DA:69,0
DA:70,0
DA:72,0
DA:74,0
DA:77,0
DA:78,0
DA:79,0
DA:82,0
DA:83,0
DA:84,0
DA:87,0
DA:88,0
DA:89,0
DA:97,0
DA:102,0
DA:111,0
DA:113,0
DA:114,0
DA:117,0
DA:118,0
DA:119,0
DA:121,0
DA:131,0
DA:137,0
DA:150,0
DA:151,0
DA:152,0
DA:153,0
DA:154,0
DA:155,0
DA:164,0
DA:166,0
DA:169,0
DA:170,0
DA:172,0
DA:173,0
DA:176,0
DA:178,0
DA:179,0
DA:181,0
DA:182,0
DA:184,0
DA:186,0
DA:188,0
LF:60
LH:0
BRDA:29,1,0,0
BRDA:29,1,1,0
BRDA:30,2,0,0
BRDA:30,2,1,0
BRDA:31,3,0,0
BRDA:31,3,1,0
BRDA:33,4,0,0
BRDA:33,4,1,0
BRDA:69,5,0,0
BRDA:69,5,1,0
BRDA:88,6,0,0
BRDA:88,6,1,0
BRDA:113,7,0,0
BRDA:113,7,1,0
BRDA:118,8,0,0
BRDA:118,8,1,0
BRDA:119,9,0,0
BRDA:119,9,1,0
BRDA:151,10,0,0
BRDA:151,10,1,0
BRDA:172,11,0,0
BRDA:172,11,1,0
BRDA:173,12,0,0
BRDA:173,12,1,0
BRDA:176,13,0,0
BRDA:176,13,1,0
BRF:26
BRH:0
end_of_record
TN:
SF:/Users/mac/Desktop/blockchain-projects/bestvictor/wom-nft-marketplace/audited_smart_contracts/yaaas-smartcontract/yaaas-exchange/contracts/YaaasExchange.sol
FN:22,constructor
FN:30,addOffer
FN:81,setOfferPrice
FN:91,setForSell
FN:115,setForAuction
FN:125,setExpiresAt
FN:135,_getOwnerOffer
FN:145,buyOffer
FN:164,_buyOffer
FN:183,safePlaceBid
FN:193,setOwnerShare
FN:199,_createBid
FN:245,cancelBid
FN:262,acceptBid
FN:310,onERC721Received
FNF:15
FNH:0
FNDA:0,constructor
FNDA:0,addOffer
FNDA:0,setOfferPrice
FNDA:0,setForSell
FNDA:0,setForAuction
FNDA:0,setExpiresAt
FNDA:0,_getOwnerOffer
FNDA:0,buyOffer
FNDA:0,_buyOffer
FNDA:0,safePlaceBid
FNDA:0,setOwnerShare
FNDA:0,_createBid
FNDA:0,cancelBid
FNDA:0,acceptBid
FNDA:0,onERC721Received
DA:23,0
DA:24,0
DA:25,0
DA:26,0
DA:27,0
DA:43,0
DA:44,0
DA:48,0
DA:49,0
DA:54,0
DA:63,0
DA:76,0
DA:77,0
DA:78,0
DA:86,0
DA:87,0
DA:88,0
DA:96,0
DA:97,0
DA:98,0
DA:99,0
DA:100,0
DA:106,0
DA:112,0
DA:120,0
DA:121,0
DA:122,0
DA:130,0
DA:131,0
DA:132,0
DA:140,0
DA:141,0
DA:142,0
DA:150,0
DA:151,0
DA:152,0
DA:153,0
DA:154,0
DA:161,0
DA:165,0
DA:166,0
DA:167,0
DA:168,0
DA:169,0
DA:170,0
DA:174,0
DA:175,0
DA:176,0
DA:177,0
DA:178,0
DA:190,0
DA:194,0
DA:195,0
DA:196,0
DA:207,0
DA:209,0
DA:210,0
DA:213,0
DA:214,0
DA:215,0
DA:216,0
DA:221,0
DA:226,0
DA:234,0
DA:250,0
DA:251,0
DA:256,0
DA:257,0
DA:258,0
DA:259,0
DA:268,0
DA:270,0
DA:273,0
DA:274,0
DA:276,0
DA:280,0
DA:282,0
DA:287,0
DA:288,0
DA:290,0
DA:291,0
DA:293,0
DA:295,0
DA:301,0
DA:316,0
LF:85
LH:0
BRDA:44,1,0,0
BRDA:44,1,1,0
BRDA:48,2,0,0
BRDA:48,2,1,0
BRDA:49,3,0,0
BRDA:49,3,1,0
BRDA:99,4,0,0
BRDA:99,4,1,0
BRDA:141,5,0,0
BRDA:141,5,1,0
BRDA:151,6,0,0
BRDA:151,6,1,0
BRDA:152,7,0,0
BRDA:152,7,1,0
BRDA:169,8,0,0
BRDA:169,8,1,0
BRDA:170,9,0,0
BRDA:170,9,1,0
BRDA:176,10,0,0
BRDA:176,10,1,0
BRDA:177,11,0,0
BRDA:177,11,1,0
BRDA:194,12,0,0
BRDA:194,12,1,0
BRDA:209,13,0,0
BRDA:209,13,1,0
BRDA:214,14,0,0
BRDA:214,14,1,0
BRDA:215,15,0,0
BRDA:215,15,1,0
BRDA:216,16,0,0
BRDA:216,16,1,0
BRDA:251,17,0,0
BRDA:251,17,1,0
BRDA:276,18,0,0
BRDA:276,18,1,0
BRDA:280,19,0,0
BRDA:280,19,1,0
BRDA:282,20,0,0
BRDA:282,20,1,0
BRF:40
BRH:0
end_of_record
TN:
SF:/Users/mac/Desktop/blockchain-projects/bestvictor/wom-nft-marketplace/audited_smart_contracts/yaaas-smartcontract/yaaas-exchange/contracts/YaaasExchangeMultiple.sol
FN:23,constructor
FN:44,addOffer
FN:88,setOfferPrice
FN:97,setForSell
FN:106,setForAuction
FN:115,setExpiresAt
FN:124,_getOwnerOffer
FN:134,buyOffer
FN:153,_buyOffer
FN:173,safePlaceBid
FN:183,setOwnerShare
FN:189,_createBid
FN:237,cancelBid
FN:253,acceptBid
FN:303,onERC721Received
FNF:15
FNH:1
FNDA:3,constructor
FNDA:0,addOffer
FNDA:0,setOfferPrice
FNDA:0,setForSell
FNDA:0,setForAuction
FNDA:0,setExpiresAt
FNDA:0,_getOwnerOffer
FNDA:0,buyOffer
FNDA:0,_buyOffer
FNDA:0,safePlaceBid
FNDA:0,setOwnerShare
FNDA:0,_createBid
FNDA:0,cancelBid
FNDA:0,acceptBid
FNDA:0,onERC721Received
DA:24,3
DA:25,3
DA:26,3
DA:27,3
DA:28,3
DA:58,0
DA:59,0
DA:64,0
DA:65,0
DA:70,0
DA:84,0
DA:85,0
DA:92,0
DA:93,0
DA:94,0
DA:101,0
DA:102,0
DA:103,0
DA:110,0
DA:111,0
DA:112,0
DA:119,0
DA:120,0
DA:121,0
DA:129,0
DA:130,0
DA:131,0
DA:139,0
DA:140,0
DA:141,0
DA:142,0
DA:143,0
DA:150,0
DA:154,0
DA:155,0
DA:156,0
DA:157,0
DA:158,0
DA:159,0
DA:160,0
DA:164,0
DA:165,0
DA:166,0
DA:167,0
DA:168,0
DA:180,0
DA:184,0
DA:185,0
DA:186,0
DA:197,0
DA:199,0
DA:200,0
DA:203,0
DA:204,0
DA:205,0
DA:206,0
DA:211,0
DA:216,0
DA:225,0
DA:241,0
DA:242,0
DA:247,0
DA:248,0
DA:249,0
DA:250,0
DA:258,0
DA:260,0
DA:263,0
DA:264,0
DA:266,0
DA:270,0
DA:272,0
DA:277,0
DA:278,0
DA:280,0
DA:281,0
DA:283,0
DA:285,0
DA:293,0
DA:309,0
LF:80
LH:5
BRDA:59,1,0,0
BRDA:59,1,1,0
BRDA:64,2,0,0
BRDA:64,2,1,0
BRDA:65,3,0,0
BRDA:65,3,1,0
BRDA:130,4,0,0
BRDA:130,4,1,0
BRDA:140,5,0,0
BRDA:140,5,1,0
BRDA:141,6,0,0
BRDA:141,6,1,0
BRDA:155,7,0,0
BRDA:155,7,1,0
BRDA:159,8,0,0
BRDA:159,8,1,0
BRDA:160,9,0,0
BRDA:160,9,1,0
BRDA:166,10,0,0
BRDA:166,10,1,0
BRDA:167,11,0,0
BRDA:167,11,1,0
BRDA:184,12,0,0
BRDA:184,12,1,0
BRDA:199,13,0,0
BRDA:199,13,1,0
BRDA:204,14,0,0
BRDA:204,14,1,0
BRDA:205,15,0,0
BRDA:205,15,1,0
BRDA:206,16,0,0
BRDA:206,16,1,0
BRDA:242,17,0,0
BRDA:242,17,1,0
BRDA:266,18,0,0
BRDA:266,18,1,0
BRDA:270,19,0,0
BRDA:270,19,1,0
BRDA:272,20,0,0
BRDA:272,20,1,0
BRF:40
BRH:0
end_of_record
